<?xml version="1.0" encoding="UTF-8"?>
<!-- Generated by org.testng.reporters.JUnitReportReporter -->
<testsuite skipped="0" hostname="PRMORE02" name="com.transferwise.base.TestBase" tests="5" failures="0" timestamp="06 Sep 2019 08:30:42 GMT" time="57.872" errors="0">
  <testcase name="converterTest" time="12.772" classname="com.transferwise.base.TestBase"/>
  <testcase name="converterTest" time="10.584" classname="com.transferwise.base.TestBase"/>
  <testcase name="converterTest" time="11.502" classname="com.transferwise.base.TestBase"/>
  <testcase name="converterTest" time="10.281" classname="com.transferwise.base.TestBase"/>
  <testcase name="converterTest" time="12.733" classname="com.transferwise.base.TestBase"/>
</testsuite> <!-- com.transferwise.base.TestBase -->
