<?xml version="1.0" encoding="UTF-8"?>
<!-- Generated by org.testng.reporters.JUnitReportReporter -->
<testsuite skipped="0" hostname="PRMORE02" name="com.transferwise.tests.ConverterPageTest" tests="2" failures="0" timestamp="08 Sep 2019 15:18:11 GMT" time="110.553" errors="0">
  <testcase name="verifyConverterPageTitle" time="0.125" classname="com.transferwise.tests.ConverterPageTest"/>
  <testcase name="validateConverterTest" time="110.428" classname="com.transferwise.tests.ConverterPageTest"/>
</testsuite> <!-- com.transferwise.tests.ConverterPageTest -->
